app/build/outputs/logs/manifest-merger-debug-report.txt
-- Merging decision tree log ---
provider#android.support.v4.content.FileProvider
INJECTED from src/main/AndroidManifest.xml:57:9-65:20
	android:grantUriPermissions
		ADDED from src/main/AndroidManifest.xml:61:13-47
	android:authorities
		INJECTED from src/main/AndroidManifest.xml
		ADDED from src/main/AndroidManifest.xml:59:13-60
	android:exported
		ADDED from src/main/AndroidManifest.xml:60:13-37
	android:name
		ADDED from src/main/AndroidManifest.xml:58:13-67
manifest
ADDED from src/main/AndroidManifest.xml:1:1-138:12
INJECTED from src/main/AndroidManifest.xml:1:1-138:12
INJECTED from src/main/AndroidManifest.xml:1:1-138:12
INJECTED from src/main/AndroidManifest.xml:1:1-138:12
MERGED from [com.android.databinding:adapters:1.3.1] AndroidManifest.xml:17:1-26:12
MERGED from [com.android.databinding:library:1.3.1] AndroidManifest.xml:17:1-26:12
MERGED from [com.android.support:design:27.1.1] AndroidManifest.xml:17:1-22:12
MERGED from [com.facebook.android:facebook-android-sdk:4.14.0] AndroidManifest.xml:21:1-39:12
MERGED from [ch.acra:acra:4.9.2] AndroidManifest.xml:10:6-44:12
MERGED from [com.google.firebase:firebase-messaging:10.2.6] AndroidManifest.xml:16:1-30:12
MERGED from [com.google.android.gms:play-services-auth:10.2.6] AndroidManifest.xml:16:1-26:12
MERGED from [com.google.android.gms:play-services-location:10.2.6] AndroidManifest.xml:2:1-5:12
MERGED from [com.google.android.gms:play-services-places:10.2.6] AndroidManifest.xml:16:1-19:12
MERGED from [com.google.firebase:firebase-database:10.2.6] AndroidManifest.xml:2:1-4:12
MERGED from [com.google.firebase:firebase-core:10.2.6] AndroidManifest.xml:2:1-6:12
MERGED from [com.google.firebase:firebase-analytics:10.2.6] AndroidManifest.xml:16:1-34:12
MERGED from [com.google.firebase:firebase-analytics-impl:10.2.6] AndroidManifest.xml:16:1-29:12
MERGED from [com.google.firebase:firebase-iid:10.2.6] AndroidManifest.xml:16:1-50:12
MERGED from [com.google.firebase:firebase-database-connection:10.2.6] AndroidManifest.xml:2:1-4:12
MERGED from [com.google.firebase:firebase-common:10.2.6] AndroidManifest.xml:2:1-8:12
MERGED from [com.google.android.gms:play-services-auth-base:10.2.6] AndroidManifest.xml:2:1-5:12
MERGED from [com.google.android.gms:play-services-maps:10.2.6] AndroidManifest.xml:16:1-25:12
MERGED from [com.google.android.gms:play-services-base:10.2.6] AndroidManifest.xml:16:1-21:12
MERGED from [com.google.android.gms:play-services-tasks:10.2.6] AndroidManifest.xml:2:1-5:12
MERGED from [com.google.android.gms:play-services-basement:10.2.6] AndroidManifest.xml:16:1-23:12
MERGED from [com.android.support:customtabs:23.4.0] AndroidManifest.xml:17:1-24:12
MERGED from [com.android.support:support-v4:27.1.1] AndroidManifest.xml:17:1-22:12
MERGED from [:MulipleImageSelector] AndroidManifest.xml:2:1-12:12
MERGED from [com.theartofdev.edmodo:android-image-cropper:2.3.1] AndroidManifest.xml:2:1-12:12
MERGED from [cc.cloudist.acplibrary:library:1.2.1] AndroidManifest.xml:2:1-12:12
MERGED from [com.gdacciaro:iosdialog:1.0.2] AndroidManifest.xml:2:1-17:12
MERGED from [com.android.support:appcompat-v7:27.1.1] AndroidManifest.xml:17:1-22:12
MERGED from [com.android.support:recyclerview-v7:27.1.1] AndroidManifest.xml:17:1-22:12
MERGED from [com.koushikdutta.ion:ion:2.1.7] AndroidManifest.xml:2:1-16:12
MERGED from [com.intuit.sdp:sdp-android:1.0.5] AndroidManifest.xml:2:1-11:12
MERGED from [com.android.support.constraint:constraint-layout:1.0.2] AndroidManifest.xml:2:1-11:12
MERGED from [:sync-manager-android-lib] AndroidManifest.xml:2:1-11:12
MERGED from [com.paypal.sdk:paypal-android-sdk:2.16.0] AndroidManifest.xml:2:1-28:12
MERGED from [de.hdodenhof:circleimageview:2.2.0] AndroidManifest.xml:2:1-11:12
MERGED from [com.android.support:multidex:1.0.2] AndroidManifest.xml:17:1-22:12
MERGED from [com.android.volley:volley:1.0.0] AndroidManifest.xml:2:1-11:12
MERGED from [com.twilio:video-android:1.3.5] AndroidManifest.xml:2:1-18:12
MERGED from [com.android.support:transition:27.1.1] AndroidManifest.xml:17:1-22:12
MERGED from [com.android.support:support-fragment:27.1.1] AndroidManifest.xml:17:1-22:12
MERGED from [com.android.support:animated-vector-drawable:27.1.1] AndroidManifest.xml:17:1-22:12
MERGED from [com.android.support:support-core-ui:27.1.1] AndroidManifest.xml:17:1-22:12
MERGED from [com.android.support:support-core-utils:27.1.1] AndroidManifest.xml:17:1-22:12
MERGED from [com.android.support:support-media-compat:27.1.1] AndroidManifest.xml:17:1-22:12
MERGED from [com.android.support:support-vector-drawable:27.1.1] AndroidManifest.xml:17:1-22:12
MERGED from [com.android.support:support-compat:27.1.1] AndroidManifest.xml:17:1-22:12
MERGED from [com.android.support:cardview-v7:23.4.0] AndroidManifest.xml:17:1-24:12
MERGED from [io.card:android-sdk:5.5.1] AndroidManifest.xml:2:1-26:12
MERGED from [com.getkeepsafe.relinker:relinker:1.2.2] AndroidManifest.xml:2:1-9:12
MERGED from [com.koushikdutta.async:androidasync:2.1.7] AndroidManifest.xml:2:1-16:12
MERGED from [android.arch.lifecycle:runtime:1.1.0] AndroidManifest.xml:17:1-22:12
MERGED from [android.arch.lifecycle:livedata-core:1.1.0] AndroidManifest.xml:17:1-22:12
MERGED from [android.arch.core:runtime:1.1.0] AndroidManifest.xml:17:1-22:12
MERGED from [android.arch.lifecycle:viewmodel:1.1.0] AndroidManifest.xml:17:1-22:12
INJECTED from src/main/AndroidManifest.xml:1:1-138:12
INJECTED from src/main/AndroidManifest.xml:1:1-138:12
INJECTED from src/main/AndroidManifest.xml:1:1-138:12
	package
		ADDED from src/main/AndroidManifest.xml:2:5-25
		INJECTED from src/main/AndroidManifest.xml
		INJECTED from src/main/AndroidManifest.xml
	android:versionName
		INJECTED from src/main/AndroidManifest.xml
		ADDED from src/main/AndroidManifest.xml:1:1-138:12
		INJECTED from src/main/AndroidManifest.xml
	android:versionCode
		INJECTED from src/main/AndroidManifest.xml
		ADDED from src/main/AndroidManifest.xml:1:1-138:12
		INJECTED from src/main/AndroidManifest.xml
	xmlns:android
		ADDED from src/main/AndroidManifest.xml:1:11-69
supports-screens
ADDED from src/main/AndroidManifest.xml:4:5-10:40
	android:largeScreens
		ADDED from src/main/AndroidManifest.xml:6:9-36
	android:smallScreens
		ADDED from src/main/AndroidManifest.xml:9:9-36
	android:normalScreens
		ADDED from src/main/AndroidManifest.xml:7:9-37
	android:xlargeScreens
		ADDED from src/main/AndroidManifest.xml:10:9-37
	android:resizeable
		ADDED from src/main/AndroidManifest.xml:8:9-34
	android:anyDensity
		ADDED from src/main/AndroidManifest.xml:5:9-34
uses-feature#android.hardware.camera
ADDED from src/main/AndroidManifest.xml:13:5-60
MERGED from [io.card:android-sdk:5.5.1] AndroidManifest.xml:12:5-14:36
MERGED from [io.card:android-sdk:5.5.1] AndroidManifest.xml:12:5-14:36
	android:name
		ADDED from src/main/AndroidManifest.xml:13:19-57
uses-feature#android.hardware.camera.autofocus
ADDED from src/main/AndroidManifest.xml:14:5-70
MERGED from [io.card:android-sdk:5.5.1] AndroidManifest.xml:15:5-17:36
MERGED from [io.card:android-sdk:5.5.1] AndroidManifest.xml:15:5-17:36
	android:name
		ADDED from src/main/AndroidManifest.xml:14:19-67
uses-feature#0x00020000
ADDED from src/main/AndroidManifest.xml:15:5-17:35
MERGED from [com.google.android.gms:play-services-maps:10.2.6] AndroidManifest.xml:21:5-77
MERGED from [com.google.android.gms:play-services-maps:10.2.6] AndroidManifest.xml:21:5-77
	android:glEsVersion
		ADDED from src/main/AndroidManifest.xml:16:9-41
	android:required
		ADDED from src/main/AndroidManifest.xml:17:9-32
uses-permission#android.permission.ACCESS_WIFI_STATE
ADDED from src/main/AndroidManifest.xml:19:5-76
MERGED from [com.twilio:video-android:1.3.5] AndroidManifest.xml:14:5-76
MERGED from [com.twilio:video-android:1.3.5] AndroidManifest.xml:14:5-76
	android:name
		ADDED from src/main/AndroidManifest.xml:19:22-73
uses-feature#android.hardware.microphone
ADDED from src/main/AndroidManifest.xml:21:5-23:35
	android:required
		ADDED from src/main/AndroidManifest.xml:23:9-33
	android:name
		ADDED from src/main/AndroidManifest.xml:22:9-51
uses-permission#android.permission.VIBRATE
ADDED from src/main/AndroidManifest.xml:26:5-82
MERGED from [io.card:android-sdk:5.5.1] AndroidManifest.xml:10:5-66
MERGED from [io.card:android-sdk:5.5.1] AndroidManifest.xml:10:5-66
	android:name
		ADDED from src/main/AndroidManifest.xml:26:22-63
uses-feature#android.hardware.camera2.full
ADDED from src/main/AndroidManifest.xml:27:5-66
	android:name
		ADDED from src/main/AndroidManifest.xml:27:19-63
uses-permission#android.permission.ACCESS_NETWORK_STATE
ADDED from src/main/AndroidManifest.xml:28:5-95
MERGED from [com.google.firebase:firebase-analytics:10.2.6] AndroidManifest.xml:21:5-78
MERGED from [com.google.firebase:firebase-analytics:10.2.6] AndroidManifest.xml:21:5-78
MERGED from [com.google.firebase:firebase-analytics-impl:10.2.6] AndroidManifest.xml:21:5-78
MERGED from [com.google.firebase:firebase-analytics-impl:10.2.6] AndroidManifest.xml:21:5-78
MERGED from [com.google.firebase:firebase-iid:10.2.6] AndroidManifest.xml:19:5-78
MERGED from [com.google.firebase:firebase-iid:10.2.6] AndroidManifest.xml:19:5-78
MERGED from [com.google.android.gms:play-services-maps:10.2.6] AndroidManifest.xml:19:5-78
MERGED from [com.google.android.gms:play-services-maps:10.2.6] AndroidManifest.xml:19:5-78
MERGED from [com.paypal.sdk:paypal-android-sdk:2.16.0] AndroidManifest.xml:9:5-79
MERGED from [com.paypal.sdk:paypal-android-sdk:2.16.0] AndroidManifest.xml:9:5-79
MERGED from [com.twilio:video-android:1.3.5] AndroidManifest.xml:13:5-79
MERGED from [com.twilio:video-android:1.3.5] AndroidManifest.xml:13:5-79
	android:name
		ADDED from src/main/AndroidManifest.xml:28:22-76
uses-permission#android.permission.RECEIVE_SMS
ADDED from src/main/AndroidManifest.xml:29:5-70
	android:name
		ADDED from src/main/AndroidManifest.xml:29:22-67
uses-permission#android.permission.READ_SMS
ADDED from src/main/AndroidManifest.xml:30:5-67
	android:name
		ADDED from src/main/AndroidManifest.xml:30:22-64
uses-permission#android.permission.SEND_SMS
ADDED from src/main/AndroidManifest.xml:31:5-67
	android:name
		ADDED from src/main/AndroidManifest.xml:31:22-64
uses-permission#android.permission.CALL_PHONE
ADDED from src/main/AndroidManifest.xml:34:5-69
	android:name
		ADDED from src/main/AndroidManifest.xml:34:22-66
uses-permission#android.permission.READ_PHONE_STATE
ADDED from src/main/AndroidManifest.xml:35:5-75
	android:name
		ADDED from src/main/AndroidManifest.xml:35:22-72
uses-permission#android.permission.RECORD_AUDIO
ADDED from src/main/AndroidManifest.xml:36:5-71
	android:name
		ADDED from src/main/AndroidManifest.xml:36:22-68
uses-permission#android.permission.PROCESS_OUTGOING_CALLS
ADDED from src/main/AndroidManifest.xml:37:5-81
	android:name
		ADDED from src/main/AndroidManifest.xml:37:22-78
uses-permission#android.permission.READ_CONTACTS
ADDED from src/main/AndroidManifest.xml:38:5-72
	android:name
		ADDED from src/main/AndroidManifest.xml:38:22-69
uses-permission#android.permission.READ_EXTERNAL_STORAGE
ADDED from src/main/AndroidManifest.xml:39:5-80
	android:name
		ADDED from src/main/AndroidManifest.xml:39:22-77
uses-permission#android.permission.MODIFY_AUDIO_SETTINGS
ADDED from src/main/AndroidManifest.xml:40:5-80
MERGED from [com.twilio:video-android:1.3.5] AndroidManifest.xml:12:5-80
MERGED from [com.twilio:video-android:1.3.5] AndroidManifest.xml:12:5-80
	android:name
		ADDED from src/main/AndroidManifest.xml:40:22-77
uses-permission#android.permission.ACCESS_COARSE_LOCATION
ADDED from src/main/AndroidManifest.xml:42:5-81
	android:name
		ADDED from src/main/AndroidManifest.xml:42:22-78
uses-permission#android.permission.ACCESS_FINE_LOCATION
ADDED from src/main/AndroidManifest.xml:43:5-79
	android:name
		ADDED from src/main/AndroidManifest.xml:43:22-76
uses-permission#android.permission.INTERNET
ADDED from src/main/AndroidManifest.xml:44:5-67
MERGED from [com.google.firebase:firebase-analytics:10.2.6] AndroidManifest.xml:20:5-66
MERGED from [com.google.firebase:firebase-analytics:10.2.6] AndroidManifest.xml:20:5-66
MERGED from [com.google.firebase:firebase-analytics-impl:10.2.6] AndroidManifest.xml:20:5-66
MERGED from [com.google.firebase:firebase-analytics-impl:10.2.6] AndroidManifest.xml:20:5-66
MERGED from [com.google.firebase:firebase-iid:10.2.6] AndroidManifest.xml:20:5-66
MERGED from [com.google.firebase:firebase-iid:10.2.6] AndroidManifest.xml:20:5-66
MERGED from [com.google.android.gms:play-services-maps:10.2.6] AndroidManifest.xml:20:5-66
MERGED from [com.google.android.gms:play-services-maps:10.2.6] AndroidManifest.xml:20:5-66
MERGED from [com.koushikdutta.ion:ion:2.1.7] AndroidManifest.xml:11:5-67
MERGED from [com.koushikdutta.ion:ion:2.1.7] AndroidManifest.xml:11:5-67
MERGED from [com.paypal.sdk:paypal-android-sdk:2.16.0] AndroidManifest.xml:10:5-67
MERGED from [com.paypal.sdk:paypal-android-sdk:2.16.0] AndroidManifest.xml:10:5-67
MERGED from [com.twilio:video-android:1.3.5] AndroidManifest.xml:11:5-67
MERGED from [com.twilio:video-android:1.3.5] AndroidManifest.xml:11:5-67
MERGED from [com.koushikdutta.async:androidasync:2.1.7] AndroidManifest.xml:11:5-67
MERGED from [com.koushikdutta.async:androidasync:2.1.7] AndroidManifest.xml:11:5-67
	android:name
		ADDED from src/main/AndroidManifest.xml:44:22-64
uses-permission#android.permission.WRITE_EXTERNAL_STORAGE
ADDED from src/main/AndroidManifest.xml:45:5-81
	android:name
		ADDED from src/main/AndroidManifest.xml:45:22-78
uses-permission#android.permission.CAMERA
ADDED from src/main/AndroidManifest.xml:46:5-65
MERGED from [io.card:android-sdk:5.5.1] AndroidManifest.xml:9:5-65
MERGED from [io.card:android-sdk:5.5.1] AndroidManifest.xml:9:5-65
	android:name
		ADDED from src/main/AndroidManifest.xml:46:22-62
application
ADDED from src/main/AndroidManifest.xml:49:5-137:19
MERGED from [com.facebook.android:facebook-android-sdk:4.14.0] AndroidManifest.xml:28:5-37:19
MERGED from [com.facebook.android:facebook-android-sdk:4.14.0] AndroidManifest.xml:28:5-37:19
MERGED from [ch.acra:acra:4.9.2] AndroidManifest.xml:39:5-43:19
MERGED from [ch.acra:acra:4.9.2] AndroidManifest.xml:39:5-43:19
MERGED from [com.google.firebase:firebase-messaging:10.2.6] AndroidManifest.xml:19:5-29:19
MERGED from [com.google.firebase:firebase-messaging:10.2.6] AndroidManifest.xml:19:5-29:19
MERGED from [com.google.android.gms:play-services-auth:10.2.6] AndroidManifest.xml:19:5-25:19
MERGED from [com.google.android.gms:play-services-auth:10.2.6] AndroidManifest.xml:19:5-25:19
MERGED from [com.google.android.gms:play-services-location:10.2.6] AndroidManifest.xml:4:5-19
MERGED from [com.google.android.gms:play-services-location:10.2.6] AndroidManifest.xml:4:5-19
MERGED from [com.google.android.gms:play-services-places:10.2.6] AndroidManifest.xml:18:5-19
MERGED from [com.google.android.gms:play-services-places:10.2.6] AndroidManifest.xml:18:5-19
MERGED from [com.google.firebase:firebase-core:10.2.6] AndroidManifest.xml:5:5-20
MERGED from [com.google.firebase:firebase-core:10.2.6] AndroidManifest.xml:5:5-20
MERGED from [com.google.firebase:firebase-analytics:10.2.6] AndroidManifest.xml:24:5-33:19
MERGED from [com.google.firebase:firebase-analytics:10.2.6] AndroidManifest.xml:24:5-33:19
MERGED from [com.google.firebase:firebase-analytics-impl:10.2.6] AndroidManifest.xml:24:5-28:19
MERGED from [com.google.firebase:firebase-analytics-impl:10.2.6] AndroidManifest.xml:24:5-28:19
MERGED from [com.google.firebase:firebase-iid:10.2.6] AndroidManifest.xml:28:5-49:19
MERGED from [com.google.firebase:firebase-iid:10.2.6] AndroidManifest.xml:28:5-49:19
MERGED from [com.google.firebase:firebase-common:10.2.6] AndroidManifest.xml:4:5-7:19
MERGED from [com.google.firebase:firebase-common:10.2.6] AndroidManifest.xml:4:5-7:19
MERGED from [com.google.android.gms:play-services-maps:10.2.6] AndroidManifest.xml:24:5-19
MERGED from [com.google.android.gms:play-services-maps:10.2.6] AndroidManifest.xml:24:5-19
MERGED from [com.google.android.gms:play-services-base:10.2.6] AndroidManifest.xml:18:5-20:19
MERGED from [com.google.android.gms:play-services-base:10.2.6] AndroidManifest.xml:18:5-20:19
MERGED from [com.google.android.gms:play-services-tasks:10.2.6] AndroidManifest.xml:4:5-19
MERGED from [com.google.android.gms:play-services-tasks:10.2.6] AndroidManifest.xml:4:5-19
MERGED from [com.google.android.gms:play-services-basement:10.2.6] AndroidManifest.xml:19:5-21:19
MERGED from [com.google.android.gms:play-services-basement:10.2.6] AndroidManifest.xml:19:5-21:19
MERGED from [com.android.support:customtabs:23.4.0] AndroidManifest.xml:22:5-20
MERGED from [com.android.support:customtabs:23.4.0] AndroidManifest.xml:22:5-20
MERGED from [:MulipleImageSelector] AndroidManifest.xml:9:5-10:19
MERGED from [:MulipleImageSelector] AndroidManifest.xml:9:5-10:19
MERGED from [com.gdacciaro:iosdialog:1.0.2] AndroidManifest.xml:11:5-15:19
MERGED from [com.gdacciaro:iosdialog:1.0.2] AndroidManifest.xml:11:5-15:19
MERGED from [com.koushikdutta.ion:ion:2.1.7] AndroidManifest.xml:13:5-14:19
MERGED from [com.koushikdutta.ion:ion:2.1.7] AndroidManifest.xml:13:5-14:19
MERGED from [com.android.support.constraint:constraint-layout:1.0.2] AndroidManifest.xml:9:5-20
MERGED from [com.android.support.constraint:constraint-layout:1.0.2] AndroidManifest.xml:9:5-20
MERGED from [:sync-manager-android-lib] AndroidManifest.xml:9:5-20
MERGED from [:sync-manager-android-lib] AndroidManifest.xml:9:5-20
MERGED from [com.paypal.sdk:paypal-android-sdk:2.16.0] AndroidManifest.xml:12:5-26:19
MERGED from [com.paypal.sdk:paypal-android-sdk:2.16.0] AndroidManifest.xml:12:5-26:19
MERGED from [de.hdodenhof:circleimageview:2.2.0] AndroidManifest.xml:9:5-20
MERGED from [de.hdodenhof:circleimageview:2.2.0] AndroidManifest.xml:9:5-20
MERGED from [com.android.volley:volley:1.0.0] AndroidManifest.xml:9:5-20
MERGED from [com.android.volley:volley:1.0.0] AndroidManifest.xml:9:5-20
MERGED from [com.twilio:video-android:1.3.5] AndroidManifest.xml:16:5-20
MERGED from [com.twilio:video-android:1.3.5] AndroidManifest.xml:16:5-20
MERGED from [com.android.support:cardview-v7:23.4.0] AndroidManifest.xml:22:5-20
MERGED from [com.android.support:cardview-v7:23.4.0] AndroidManifest.xml:22:5-20
MERGED from [io.card:android-sdk:5.5.1] AndroidManifest.xml:19:5-24:19
MERGED from [io.card:android-sdk:5.5.1] AndroidManifest.xml:19:5-24:19
MERGED from [com.koushikdutta.async:androidasync:2.1.7] AndroidManifest.xml:13:5-14:19
MERGED from [com.koushikdutta.async:androidasync:2.1.7] AndroidManifest.xml:13:5-14:19
	android:supportsRtl
		ADDED from src/main/AndroidManifest.xml:53:9-35
	android:label
		ADDED from src/main/AndroidManifest.xml:52:9-41
	android:icon
		ADDED from src/main/AndroidManifest.xml:51:9-44
	android:allowBackup
		ADDED from src/main/AndroidManifest.xml:50:9-35
	android:theme
		ADDED from src/main/AndroidManifest.xml:55:9-40
	android:name
		ADDED from src/main/AndroidManifest.xml:54:9-52
activity#com.eljebo.serviceprovider.activity.MainActivity
ADDED from src/main/AndroidManifest.xml:67:9-71:48
	android:screenOrientation
		ADDED from src/main/AndroidManifest.xml:70:13-49
	android:label
		ADDED from src/main/AndroidManifest.xml:69:13-45
	android:theme
		ADDED from src/main/AndroidManifest.xml:71:13-45
	android:name
		ADDED from src/main/AndroidManifest.xml:68:13-76
activity#com.eljebo.customer.activity.CustomerMainActivity
ADDED from src/main/AndroidManifest.xml:73:9-77:48
	android:screenOrientation
		ADDED from src/main/AndroidManifest.xml:76:13-49
	android:label
		ADDED from src/main/AndroidManifest.xml:75:13-45
	android:theme
		ADDED from src/main/AndroidManifest.xml:77:13-45
	android:name
		ADDED from src/main/AndroidManifest.xml:74:13-77
meta-data#com.google.android.geo.API_KEY
ADDED from src/main/AndroidManifest.xml:79:9-81:71
	android:value
		ADDED from src/main/AndroidManifest.xml:81:13-68
	android:name
		ADDED from src/main/AndroidManifest.xml:80:13-58
activity#com.eljebo.common.activity.LoginSignUpActivity
ADDED from src/main/AndroidManifest.xml:84:9-88:67
	android:screenOrientation
		ADDED from src/main/AndroidManifest.xml:86:13-49
	android:windowSoftInputMode
		ADDED from src/main/AndroidManifest.xml:88:13-64
	android:theme
		ADDED from src/main/AndroidManifest.xml:87:13-45
	android:name
		ADDED from src/main/AndroidManifest.xml:85:13-64
activity#com.eljebo.common.activity.SplashActivity
ADDED from src/main/AndroidManifest.xml:90:9-98:20
	android:screenOrientation
		ADDED from src/main/AndroidManifest.xml:92:13-49
	android:theme
		ADDED from src/main/AndroidManifest.xml:93:13-69
	android:name
		ADDED from src/main/AndroidManifest.xml:91:13-59
intent-filter#android.intent.action.MAIN+android.intent.category.LAUNCHER
ADDED from src/main/AndroidManifest.xml:94:13-97:29
action#android.intent.action.MAIN
ADDED from src/main/AndroidManifest.xml:95:17-69
	android:name
		ADDED from src/main/AndroidManifest.xml:95:25-66
category#android.intent.category.LAUNCHER
ADDED from src/main/AndroidManifest.xml:96:17-77
	android:name
		ADDED from src/main/AndroidManifest.xml:96:27-74
activity#com.theartofdev.edmodo.cropper.CropImageActivity
ADDED from src/main/AndroidManifest.xml:101:9-103:59
	android:theme
		ADDED from src/main/AndroidManifest.xml:103:13-56
	android:name
		ADDED from src/main/AndroidManifest.xml:102:13-76
receiver#com.eljebo.common.service.BootTrackReceiver
ADDED from src/main/AndroidManifest.xml:105:9-109:20
	android:name
		ADDED from src/main/AndroidManifest.xml:105:19-67
intent-filter#android.intent.action.BOOT_COMPLETED
ADDED from src/main/AndroidManifest.xml:106:13-108:29
action#android.intent.action.BOOT_COMPLETED
ADDED from src/main/AndroidManifest.xml:107:17-79
	android:name
		ADDED from src/main/AndroidManifest.xml:107:25-76
meta-data#android.max_aspect
ADDED from src/main/AndroidManifest.xml:114:9-116:35
	android:value
		ADDED from src/main/AndroidManifest.xml:116:13-32
	android:name
		ADDED from src/main/AndroidManifest.xml:115:13-46
activity#com.eljebo.common.utils.PayPalPaymentActivity
ADDED from src/main/AndroidManifest.xml:118:9-120:52
	android:screenOrientation
		ADDED from src/main/AndroidManifest.xml:120:13-49
	android:name
		ADDED from src/main/AndroidManifest.xml:119:13-63
activity#com.eljebo.serviceprovider.video_service_call.VideoActivity
ADDED from src/main/AndroidManifest.xml:122:9-124:72
	android:screenOrientation
		ADDED from src/main/AndroidManifest.xml:123:13-49
	android:theme
		ADDED from src/main/AndroidManifest.xml:124:13-69
	android:name
		ADDED from src/main/AndroidManifest.xml:122:19-83
activity#me.nereo.multi_image_selector.MultiImageSelectorActivity
ADDED from src/main/AndroidManifest.xml:127:9-130:72
	android:screenOrientation
		ADDED from src/main/AndroidManifest.xml:129:13-49
	android:theme
		ADDED from src/main/AndroidManifest.xml:130:13-69
	android:name
		ADDED from src/main/AndroidManifest.xml:128:13-84
activity#com.eljebo.serviceprovider.video_service_call.NewVideoCallingServiceProActivity
ADDED from src/main/AndroidManifest.xml:132:9-134:72
	android:screenOrientation
		ADDED from src/main/AndroidManifest.xml:133:13-49
	android:theme
		ADDED from src/main/AndroidManifest.xml:134:13-69
	android:name
		ADDED from src/main/AndroidManifest.xml:132:19-103
uses-sdk
INJECTED from src/main/AndroidManifest.xml reason: use-sdk injection requested
INJECTED from src/main/AndroidManifest.xml
INJECTED from src/main/AndroidManifest.xml
MERGED from [com.android.databinding:adapters:1.3.1] AndroidManifest.xml:22:5-24:41
MERGED from [com.android.databinding:adapters:1.3.1] AndroidManifest.xml:22:5-24:41
MERGED from [com.android.databinding:library:1.3.1] AndroidManifest.xml:22:5-24:41
MERGED from [com.android.databinding:library:1.3.1] AndroidManifest.xml:22:5-24:41
MERGED from [com.android.support:design:27.1.1] AndroidManifest.xml:20:5-44
MERGED from [com.android.support:design:27.1.1] AndroidManifest.xml:20:5-44
MERGED from [com.facebook.android:facebook-android-sdk:4.14.0] AndroidManifest.xml:24:5-26:41
MERGED from [com.facebook.android:facebook-android-sdk:4.14.0] AndroidManifest.xml:24:5-26:41
MERGED from [ch.acra:acra:4.9.2] AndroidManifest.xml:37:5-42
MERGED from [ch.acra:acra:4.9.2] AndroidManifest.xml:37:5-42
MERGED from [com.google.firebase:firebase-messaging:10.2.6] AndroidManifest.xml:17:5-43
MERGED from [com.google.firebase:firebase-messaging:10.2.6] AndroidManifest.xml:17:5-43
MERGED from [com.google.android.gms:play-services-auth:10.2.6] AndroidManifest.xml:17:5-43
MERGED from [com.google.android.gms:play-services-auth:10.2.6] AndroidManifest.xml:17:5-43
MERGED from [com.google.android.gms:play-services-location:10.2.6] AndroidManifest.xml:3:5-43
MERGED from [com.google.android.gms:play-services-location:10.2.6] AndroidManifest.xml:3:5-43
MERGED from [com.google.android.gms:play-services-places:10.2.6] AndroidManifest.xml:17:5-43
MERGED from [com.google.android.gms:play-services-places:10.2.6] AndroidManifest.xml:17:5-43
MERGED from [com.google.firebase:firebase-database:10.2.6] AndroidManifest.xml:3:5-43
MERGED from [com.google.firebase:firebase-database:10.2.6] AndroidManifest.xml:3:5-43
MERGED from [com.google.firebase:firebase-core:10.2.6] AndroidManifest.xml:4:5-43
MERGED from [com.google.firebase:firebase-core:10.2.6] AndroidManifest.xml:4:5-43
MERGED from [com.google.firebase:firebase-analytics:10.2.6] AndroidManifest.xml:17:5-43
MERGED from [com.google.firebase:firebase-analytics:10.2.6] AndroidManifest.xml:17:5-43
MERGED from [com.google.firebase:firebase-analytics-impl:10.2.6] AndroidManifest.xml:17:5-43
MERGED from [com.google.firebase:firebase-analytics-impl:10.2.6] AndroidManifest.xml:17:5-43
MERGED from [com.google.firebase:firebase-iid:10.2.6] AndroidManifest.xml:17:5-43
MERGED from [com.google.firebase:firebase-iid:10.2.6] AndroidManifest.xml:17:5-43
MERGED from [com.google.firebase:firebase-database-connection:10.2.6] AndroidManifest.xml:3:5-43
MERGED from [com.google.firebase:firebase-database-connection:10.2.6] AndroidManifest.xml:3:5-43
MERGED from [com.google.firebase:firebase-common:10.2.6] AndroidManifest.xml:3:5-43
MERGED from [com.google.firebase:firebase-common:10.2.6] AndroidManifest.xml:3:5-43
MERGED from [com.google.android.gms:play-services-auth-base:10.2.6] AndroidManifest.xml:4:5-43
MERGED from [com.google.android.gms:play-services-auth-base:10.2.6] AndroidManifest.xml:4:5-43
MERGED from [com.google.android.gms:play-services-maps:10.2.6] AndroidManifest.xml:23:5-43
MERGED from [com.google.android.gms:play-services-maps:10.2.6] AndroidManifest.xml:23:5-43
MERGED from [com.google.android.gms:play-services-base:10.2.6] AndroidManifest.xml:17:5-43
MERGED from [com.google.android.gms:play-services-base:10.2.6] AndroidManifest.xml:17:5-43
MERGED from [com.google.android.gms:play-services-tasks:10.2.6] AndroidManifest.xml:3:5-43
MERGED from [com.google.android.gms:play-services-tasks:10.2.6] AndroidManifest.xml:3:5-43
MERGED from [com.google.android.gms:play-services-basement:10.2.6] AndroidManifest.xml:17:5-43
MERGED from [com.google.android.gms:play-services-basement:10.2.6] AndroidManifest.xml:17:5-43
MERGED from [com.android.support:customtabs:23.4.0] AndroidManifest.xml:20:5-44
MERGED from [com.android.support:customtabs:23.4.0] AndroidManifest.xml:20:5-44
MERGED from [com.android.support:support-v4:27.1.1] AndroidManifest.xml:20:5-44
MERGED from [com.android.support:support-v4:27.1.1] AndroidManifest.xml:20:5-44
MERGED from [:MulipleImageSelector] AndroidManifest.xml:5:5-7:41
MERGED from [:MulipleImageSelector] AndroidManifest.xml:5:5-7:41
MERGED from [com.theartofdev.edmodo:android-image-cropper:2.3.1] AndroidManifest.xml:8:5-10:41
MERGED from [com.theartofdev.edmodo:android-image-cropper:2.3.1] AndroidManifest.xml:8:5-10:41
MERGED from [cc.cloudist.acplibrary:library:1.2.1] AndroidManifest.xml:8:5-10:41
MERGED from [cc.cloudist.acplibrary:library:1.2.1] AndroidManifest.xml:8:5-10:41
MERGED from [com.gdacciaro:iosdialog:1.0.2] AndroidManifest.xml:7:5-9:41
MERGED from [com.gdacciaro:iosdialog:1.0.2] AndroidManifest.xml:7:5-9:41
MERGED from [com.android.support:appcompat-v7:27.1.1] AndroidManifest.xml:20:5-44
MERGED from [com.android.support:appcompat-v7:27.1.1] AndroidManifest.xml:20:5-44
MERGED from [com.android.support:recyclerview-v7:27.1.1] AndroidManifest.xml:20:5-44
MERGED from [com.android.support:recyclerview-v7:27.1.1] AndroidManifest.xml:20:5-44
MERGED from [com.koushikdutta.ion:ion:2.1.7] AndroidManifest.xml:7:5-9:41
MERGED from [com.koushikdutta.ion:ion:2.1.7] AndroidManifest.xml:7:5-9:41
MERGED from [com.intuit.sdp:sdp-android:1.0.5] AndroidManifest.xml:7:5-9:41
MERGED from [com.intuit.sdp:sdp-android:1.0.5] AndroidManifest.xml:7:5-9:41
MERGED from [com.android.support.constraint:constraint-layout:1.0.2] AndroidManifest.xml:5:5-7:41
MERGED from [com.android.support.constraint:constraint-layout:1.0.2] AndroidManifest.xml:5:5-7:41
MERGED from [:sync-manager-android-lib] AndroidManifest.xml:7:5-43
MERGED from [:sync-manager-android-lib] AndroidManifest.xml:7:5-43
MERGED from [com.paypal.sdk:paypal-android-sdk:2.16.0] AndroidManifest.xml:5:5-7:41
MERGED from [com.paypal.sdk:paypal-android-sdk:2.16.0] AndroidManifest.xml:5:5-7:41
MERGED from [de.hdodenhof:circleimageview:2.2.0] AndroidManifest.xml:5:5-7:41
MERGED from [de.hdodenhof:circleimageview:2.2.0] AndroidManifest.xml:5:5-7:41
MERGED from [com.android.support:multidex:1.0.2] AndroidManifest.xml:20:5-43
MERGED from [com.android.support:multidex:1.0.2] AndroidManifest.xml:20:5-43
MERGED from [com.android.volley:volley:1.0.0] AndroidManifest.xml:7:5-43
MERGED from [com.android.volley:volley:1.0.0] AndroidManifest.xml:7:5-43
MERGED from [com.twilio:video-android:1.3.5] AndroidManifest.xml:7:5-9:41
MERGED from [com.twilio:video-android:1.3.5] AndroidManifest.xml:7:5-9:41
MERGED from [com.android.support:transition:27.1.1] AndroidManifest.xml:20:5-44
MERGED from [com.android.support:transition:27.1.1] AndroidManifest.xml:20:5-44
MERGED from [com.android.support:support-fragment:27.1.1] AndroidManifest.xml:20:5-44